<?xml version="1.0" encoding="UTF-8"?>
<testng-results skipped="0" failed="0" ignored="0" total="1" passed="1">
  <reporter-output>
  </reporter-output>
  <suite name="Suite" duration-ms="26287" started-at="2020-04-10T03:10:41Z" finished-at="2020-04-10T03:11:07Z">
    <groups>
    </groups>
    <test name="Test" duration-ms="26287" started-at="2020-04-10T03:10:41Z" finished-at="2020-04-10T03:11:07Z">
      <class name="au.com.bunnings.test.regression.TestWishList">
        <test-method status="PASS" signature="preCondition()[pri:0, instance:au.com.bunnings.test.regression.TestWishList@9629756]" name="preCondition" is-config="true" duration-ms="5915" started-at="2020-04-10T13:10:41Z" finished-at="2020-04-10T13:10:47Z">
          <reporter-output>
          </reporter-output>
        </test-method> <!-- preCondition -->
        <test-method status="PASS" signature="testWishListTC01()[pri:0, instance:au.com.bunnings.test.regression.TestWishList@9629756]" name="testWishListTC01" duration-ms="20266" started-at="2020-04-10T13:10:47Z" finished-at="2020-04-10T13:11:07Z">
          <reporter-output>
          </reporter-output>
        </test-method> <!-- testWishListTC01 -->
        <test-method status="PASS" signature="postCondition()[pri:0, instance:au.com.bunnings.test.regression.TestWishList@9629756]" name="postCondition" is-config="true" duration-ms="92" started-at="2020-04-10T13:11:07Z" finished-at="2020-04-10T13:11:07Z">
          <reporter-output>
          </reporter-output>
        </test-method> <!-- postCondition -->
      </class> <!-- au.com.bunnings.test.regression.TestWishList -->
    </test> <!-- Test -->
  </suite> <!-- Suite -->
</testng-results>
